生成启动时间为 2014/12/16 15:55:10。
     1>项目“C:\Users\Alexander_pu\Desktop\人工智能作业参考答案\历史启发-成功\amazon\Project3amazon\Project3amazon.vcxproj”在节点 2 上(Build 个目标)。
     1>ClCompile:
         C:\Program Files (x86)\Microsoft Visual Studio 11.0\VC\bin\CL.exe /c /Zi /nologo /W3 /WX- /O2 /Oi /Oy- /GL /D _MBCS /Gm- /EHsc /MD /GS /Gy /fp:precise /Zc:wchar_t /Zc:forScope /Fo"Release\\" /Fd"Release\vc110.pdb" /FR"Release\\" /Gd /TP /analyze- /errorReport:prompt Createmove.cpp Evaluate.cpp Main.cpp SearchEngine.cpp
         Createmove.cpp
         Evaluate.cpp
         Main.cpp
     1>Main.cpp(42): warning C4996: 'scanf': This function or variable may be unsafe. Consider using scanf_s instead. To disable deprecation, use _CRT_SECURE_NO_WARNINGS. See online help for details.
                 C:\Program Files (x86)\Microsoft Visual Studio 11.0\VC\include\stdio.h(290) : 参见“scanf”的声明
     1>Main.cpp(132): warning C4996: 'scanf': This function or variable may be unsafe. Consider using scanf_s instead. To disable deprecation, use _CRT_SECURE_NO_WARNINGS. See online help for details.
                 C:\Program Files (x86)\Microsoft Visual Studio 11.0\VC\include\stdio.h(290) : 参见“scanf”的声明
     1>Main.cpp(153): warning C4996: 'scanf': This function or variable may be unsafe. Consider using scanf_s instead. To disable deprecation, use _CRT_SECURE_NO_WARNINGS. See online help for details.
                 C:\Program Files (x86)\Microsoft Visual Studio 11.0\VC\include\stdio.h(290) : 参见“scanf”的声明
     1>Main.cpp(175): warning C4996: 'scanf': This function or variable may be unsafe. Consider using scanf_s instead. To disable deprecation, use _CRT_SECURE_NO_WARNINGS. See online help for details.
                 C:\Program Files (x86)\Microsoft Visual Studio 11.0\VC\include\stdio.h(290) : 参见“scanf”的声明
         SearchEngine.cpp
       Link:
         C:\Program Files (x86)\Microsoft Visual Studio 11.0\VC\bin\link.exe /ERRORREPORT:PROMPT /OUT:"C:\Users\Alexander_pu\Desktop\人工智能作业参考答案\历史启发-成功\amazon\Release\Project3amazon.exe" /NOLOGO kernel32.lib user32.lib gdi32.lib winspool.lib comdlg32.lib advapi32.lib shell32.lib ole32.lib oleaut32.lib uuid.lib odbc32.lib odbccp32.lib /MANIFEST /MANIFESTUAC:"level='asInvoker' uiAccess='false'" /manifest:embed /DEBUG /PDB:"C:\Users\Alexander_pu\Desktop\人工智能作业参考答案\历史启发-成功\amazon\Release\Project3amazon.pdb" /OPT:REF /OPT:ICF /LTCG /TLBID:1 /DYNAMICBASE /NXCOMPAT /IMPLIB:"C:\Users\Alexander_pu\Desktop\人工智能作业参考答案\历史启发-成功\amazon\Release\Project3amazon.lib" /MACHINE:X86 /SAFESEH Release\Createmove.obj
         Release\Evaluate.obj
         Release\Main.obj
         Release\SearchEngine.obj
         正在生成代码
         已完成代码的生成
         Project3amazon.vcxproj -> C:\Users\Alexander_pu\Desktop\人工智能作业参考答案\历史启发-成功\amazon\Release\Project3amazon.exe
       BscMake:
         C:\Program Files (x86)\Microsoft Visual Studio 11.0\VC\bin\bscmake.exe /nologo /o"C:\Users\Alexander_pu\Desktop\人工智能作业参考答案\历史启发-成功\amazon\Release\Project3amazon.bsc" /n Release\Createmove.sbr Release\Evaluate.sbr Release\Main.sbr Release\SearchEngine.sbr
     1>已完成生成项目“C:\Users\Alexander_pu\Desktop\人工智能作业参考答案\历史启发-成功\amazon\Project3amazon\Project3amazon.vcxproj”(Build 个目标)的操作。

生成成功。

已用时间 00:00:06.56
